<?xml version="1.0" encoding="UTF-8"?>
<!-- Generated by org.testng.reporters.JUnitReportReporter -->
<testsuite hostname="DESKTOP-JD0T6BJ" failures="0" tests="1" name="com.occurance.testOccurance.OccuranceTest" time="4.153" errors="0" timestamp="10 Nov 2020 12:24:31 GMT">
  <testcase classname="com.occurance.testOccurance.OccuranceTest" name="testCharacter" time="4.153"/>
</testsuite> <!-- com.occurance.testOccurance.OccuranceTest -->
